<?xml version="1.0" encoding="UTF-8"?>
<!-- Generated by org.testng.reporters.JUnitXMLReporter -->
<testsuite ignored="0" hostname="DESKTOP-2VOUIIE" failures="0" tests="4" name="Application Test" time="24.422" errors="0" timestamp="2021-07-06T21:58:33 ALMT">
  <testcase classname="demo_testng.NewTest" name="test" time="19.707"/>
  <testcase classname="demo_testng.NewTest2" name="f" time="0.001"/>
  <testcase classname="demo_testng.NewTest2" name="g" time="0.001"/>
  <testcase classname="demo_testng.NewTest2" name="h" time="0.001"/>
</testsuite> <!-- Application Test -->
