<?xml version="1.0" encoding="UTF-8"?>
<testng-results ignored="0" total="2" passed="2" failed="0" skipped="0">
  <reporter-output>
  </reporter-output>
  <suite started-at="2021-07-14T16:05:30Z" name="Parallel TestSuite" finished-at="2021-07-14T16:08:26Z" duration-ms="176642">
    <groups>
    </groups>
    <test started-at="2021-07-14T16:05:30Z" name="Firefox Test" finished-at="2021-07-14T16:06:45Z" duration-ms="75065">
      <class name="demo_testng.SeleniumLoginTest">
        <test-method is-config="true" signature="beforeClass(java.lang.String)[pri:0, instance:demo_testng.SeleniumLoginTest@61322f9d]" started-at="2021-07-14T16:05:30Z" name="beforeClass" finished-at="2021-07-14T16:05:59Z" duration-ms="29144" status="PASS">
          <params>
            <param index="0">
              <value>
                <![CDATA[firefox]]>
              </value>
            </param>
          </params>
          <reporter-output>
          </reporter-output>
        </test-method> <!-- beforeClass -->
        <test-method signature="test1_validLoginTest()[pri:0, instance:demo_testng.SeleniumLoginTest@61322f9d]" started-at="2021-07-14T16:05:59Z" name="test1_validLoginTest" finished-at="2021-07-14T16:06:44Z" duration-ms="45012" status="PASS">
          <reporter-output>
          </reporter-output>
        </test-method> <!-- test1_validLoginTest -->
        <test-method is-config="true" signature="aftersuit()[pri:0, instance:demo_testng.SeleniumLoginTest@61322f9d]" started-at="2021-07-14T16:06:44Z" name="aftersuit" finished-at="2021-07-14T16:06:44Z" duration-ms="158" status="PASS">
          <reporter-output>
          </reporter-output>
        </test-method> <!-- aftersuit -->
        <test-method is-config="true" signature="afterClass()[pri:0, instance:demo_testng.SeleniumLoginTest@61322f9d]" started-at="2021-07-14T16:06:44Z" name="afterClass" finished-at="2021-07-14T16:06:45Z" duration-ms="739" status="PASS">
          <reporter-output>
          </reporter-output>
        </test-method> <!-- afterClass -->
      </class> <!-- demo_testng.SeleniumLoginTest -->
    </test> <!-- Firefox Test -->
    <test started-at="2021-07-14T16:05:30Z" name="Chrome Test" finished-at="2021-07-14T16:08:26Z" duration-ms="176642">
      <class name="demo_testng.SeleniumLoginTest">
        <test-method is-config="true" signature="beforesuit()[pri:0, instance:demo_testng.SeleniumLoginTest@7d8704ef]" started-at="2021-07-14T16:05:30Z" name="beforesuit" finished-at="2021-07-14T16:05:30Z" duration-ms="6" status="PASS">
          <reporter-output>
          </reporter-output>
        </test-method> <!-- beforesuit -->
        <test-method is-config="true" signature="beforeClass(java.lang.String)[pri:0, instance:demo_testng.SeleniumLoginTest@7d8704ef]" started-at="2021-07-14T16:05:30Z" name="beforeClass" finished-at="2021-07-14T16:05:59Z" duration-ms="29493" status="PASS">
          <params>
            <param index="0">
              <value>
                <![CDATA[chrome]]>
              </value>
            </param>
          </params>
          <reporter-output>
          </reporter-output>
        </test-method> <!-- beforeClass -->
        <test-method signature="test1_validLoginTest()[pri:0, instance:demo_testng.SeleniumLoginTest@7d8704ef]" started-at="2021-07-14T16:05:59Z" name="test1_validLoginTest" finished-at="2021-07-14T16:08:26Z" duration-ms="146458" status="PASS">
          <reporter-output>
          </reporter-output>
        </test-method> <!-- test1_validLoginTest -->
        <test-method is-config="true" signature="aftersuit()[pri:0, instance:demo_testng.SeleniumLoginTest@7d8704ef]" started-at="2021-07-14T16:08:26Z" name="aftersuit" finished-at="2021-07-14T16:08:26Z" duration-ms="25" status="PASS">
          <reporter-output>
          </reporter-output>
        </test-method> <!-- aftersuit -->
        <test-method is-config="true" signature="afterClass()[pri:0, instance:demo_testng.SeleniumLoginTest@7d8704ef]" started-at="2021-07-14T16:08:26Z" name="afterClass" finished-at="2021-07-14T16:08:26Z" duration-ms="663" status="PASS">
          <reporter-output>
          </reporter-output>
        </test-method> <!-- afterClass -->
      </class> <!-- demo_testng.SeleniumLoginTest -->
    </test> <!-- Chrome Test -->
  </suite> <!-- Parallel TestSuite -->
</testng-results>
