<?xml version="1.0" encoding="UTF-8"?>
<!-- Generated by org.testng.reporters.JUnitXMLReporter -->
<testsuite ignored="0" hostname="DESKTOP-2VOUIIE" failures="0" tests="1" name="TestChrome" time="1.526" errors="0" timestamp="09 Jul 2021 14:53:45 GMT">
  <testcase classname="demo_testng.SeleniumLoginTest" name="@BeforeTest beforeClass" time="1.491">
    <failure type="java.lang.NullPointerException" message="Cannot invoke &amp;quot;com.relevantcodes.extentreports.ExtentTest.log(com.relevantcodes.extentreports.LogStatus, String)&amp;quot; because &amp;quot;this.test&amp;quot; is null">
      <![CDATA[java.lang.NullPointerException: Cannot invoke "com.relevantcodes.extentreports.ExtentTest.log(com.relevantcodes.extentreports.LogStatus, String)" because "this.test" is null
at demo_testng.SeleniumLoginTest.beforeClass(SeleniumLoginTest.java:53)
at java.base/java.util.concurrent.FutureTask.run(FutureTask.java:264)
at java.base/java.util.concurrent.ThreadPoolExecutor.runWorker(ThreadPoolExecutor.java:1130)
at java.base/java.util.concurrent.ThreadPoolExecutor$Worker.run(ThreadPoolExecutor.java:630)
at java.base/java.lang.Thread.run(Thread.java:832)
... Removed 15 stack frames]]>
    </failure>
  </testcase> <!-- @BeforeTest beforeClass -->
  <testcase classname="demo_testng.SeleniumLoginTest" name="@AfterTest afterClass" time="0.0">
    <skipped/>
  </testcase> <!-- @AfterTest afterClass -->
  <testcase classname="demo_testng.SeleniumLoginTest" name="test1_validLoginTest" time="0.0">
    <skipped/>
  </testcase> <!-- test1_validLoginTest -->
</testsuite> <!-- TestChrome -->
